This file contains any messages produced by compilers while
running configure, to aid debugging if configure makes a mistake.

It was created by rdesktop configure 1.8.6, which was
generated by GNU Autoconf 2.69.  Invocation command line was

  $ ./configure --disable-credssp --disable-smartcard

## --------- ##
## Platform. ##
## --------- ##

hostname = localhost.localdomain
uname -m = x86_64
uname -r = 5.3.6-200.fc30.x86_64
uname -s = Linux
uname -v = #1 SMP Mon Oct 14 13:11:01 UTC 2019

/usr/bin/uname -p = x86_64
/bin/uname -X     = unknown

/bin/arch              = x86_64
/usr/bin/arch -k       = unknown
/usr/convex/getsysinfo = unknown
/usr/bin/hostinfo      = unknown
/bin/machine           = unknown
/usr/bin/oslevel       = unknown
/bin/universe          = unknown

PATH: /home/gabrielestudo/.local/bin
PATH: /home/gabrielestudo/bin
PATH: /usr/local/rvm/gems/ruby-2.6.3/bin
PATH: /usr/local/rvm/gems/ruby-2.6.3@global/bin
PATH: /usr/local/rvm/rubies/ruby-2.6.3/bin
PATH: /usr/share/Modules/bin
PATH: /usr/lib64/ccache
PATH: /usr/local/bin
PATH: /usr/local/sbin
PATH: /usr/bin
PATH: /usr/sbin
PATH: /usr/local/rvm/bin


## ----------- ##
## Core tests. ##
## ----------- ##

configure:2414: checking build system type
configure:2428: result: x86_64-redhat-linux-gnu
configure:2448: checking host system type
configure:2461: result: x86_64-redhat-linux-gnu
configure:2530: checking for gcc
configure:2546: found /usr/lib64/ccache/gcc
configure:2557: result: gcc
configure:2786: checking for C compiler version
configure:2795: gcc --version >&5
gcc (GCC) 9.2.1 20190827 (Red Hat 9.2.1-1)
Copyright (C) 2019 Free Software Foundation, Inc.
This is free software; see the source for copying conditions.  There is NO
warranty; not even for MERCHANTABILITY or FITNESS FOR A PARTICULAR PURPOSE.

configure:2806: $? = 0
configure:2795: gcc -v >&5
Using built-in specs.
COLLECT_GCC=/usr/bin/gcc
COLLECT_LTO_WRAPPER=/usr/libexec/gcc/x86_64-redhat-linux/9/lto-wrapper
OFFLOAD_TARGET_NAMES=nvptx-none
OFFLOAD_TARGET_DEFAULT=1
Target: x86_64-redhat-linux
Configured with: ../configure --enable-bootstrap --enable-languages=c,c++,fortran,objc,obj-c++,ada,go,d,lto --prefix=/usr --mandir=/usr/share/man --infodir=/usr/share/info --with-bugurl=http://bugzilla.redhat.com/bugzilla --enable-shared --enable-threads=posix --enable-checking=release --enable-multilib --with-system-zlib --enable-__cxa_atexit --disable-libunwind-exceptions --enable-gnu-unique-object --enable-linker-build-id --with-gcc-major-version-only --with-linker-hash-style=gnu --enable-plugin --enable-initfini-array --with-isl --enable-offload-targets=nvptx-none --without-cuda-driver --enable-gnu-indirect-function --enable-cet --with-tune=generic --with-arch_32=i686 --build=x86_64-redhat-linux
Thread model: posix
gcc version 9.2.1 20190827 (Red Hat 9.2.1-1) (GCC) 
configure:2806: $? = 0
configure:2795: gcc -V >&5
gcc: error: unrecognized command line option '-V'
gcc: fatal error: no input files
compilation terminated.
configure:2806: $? = 1
configure:2795: gcc -qversion >&5
gcc: error: unrecognized command line option '-qversion'; did you mean '--version'?
gcc: fatal error: no input files
compilation terminated.
configure:2806: $? = 1
configure:2826: checking whether the C compiler works
configure:2848: gcc    conftest.c  >&5
configure:2852: $? = 0
configure:2900: result: yes
configure:2903: checking for C compiler default output file name
configure:2905: result: a.out
configure:2911: checking for suffix of executables
configure:2918: gcc -o conftest    conftest.c  >&5
configure:2922: $? = 0
configure:2944: result: 
configure:2966: checking whether we are cross compiling
configure:2974: gcc -o conftest    conftest.c  >&5
configure:2978: $? = 0
configure:2985: ./conftest
configure:2989: $? = 0
configure:2977: result: no
configure:2982: checking for suffix of object files
configure:3004: gcc -c   conftest.c >&5
configure:3008: $? = 0
configure:3029: result: o
configure:3033: checking whether we are using the GNU C compiler
configure:3052: gcc -c   conftest.c >&5
configure:3052: $? = 0
configure:3061: result: yes
configure:3070: checking whether gcc accepts -g
configure:3090: gcc -c -g  conftest.c >&5
configure:3090: $? = 0
configure:3131: result: yes
configure:3148: checking for gcc option to accept ISO C89
configure:3211: gcc  -c -g -O2  conftest.c >&5
configure:3211: $? = 0
configure:3224: result: none needed
configure:3262: checking for a BSD-compatible install
configure:3330: result: /usr/bin/install -c
configure:3353: checking how to run the C preprocessor
configure:3384: gcc -E  conftest.c
configure:3384: $? = 0
configure:3398: gcc -E  conftest.c
conftest.c:9:10: fatal error: ac_nonexistent.h: No such file or directory
    9 | #include <ac_nonexistent.h>
      |          ^~~~~~~~~~~~~~~~~~
compilation terminated.
configure:3398: $? = 1
configure: failed program was:
| /* confdefs.h */
| #define PACKAGE_NAME "rdesktop"
| #define PACKAGE_TARNAME "rdesktop"
| #define PACKAGE_VERSION "1.8.6"
| #define PACKAGE_STRING "rdesktop 1.8.6"
| #define PACKAGE_BUGREPORT ""
| #define PACKAGE_URL ""
| /* end confdefs.h.  */
| #include <ac_nonexistent.h>
configure:3423: result: gcc -E
configure:3443: gcc -E  conftest.c
configure:3443: $? = 0
configure:3457: gcc -E  conftest.c
conftest.c:9:10: fatal error: ac_nonexistent.h: No such file or directory
    9 | #include <ac_nonexistent.h>
      |          ^~~~~~~~~~~~~~~~~~
compilation terminated.
configure:3457: $? = 1
configure: failed program was:
| /* confdefs.h */
| #define PACKAGE_NAME "rdesktop"
| #define PACKAGE_TARNAME "rdesktop"
| #define PACKAGE_VERSION "1.8.6"
| #define PACKAGE_STRING "rdesktop 1.8.6"
| #define PACKAGE_BUGREPORT ""
| #define PACKAGE_URL ""
| /* end confdefs.h.  */
| #include <ac_nonexistent.h>
configure:3486: checking for grep that handles long lines and -e
configure:3544: result: /usr/bin/grep
configure:3549: checking for egrep
configure:3611: result: /usr/bin/grep -E
configure:3616: checking for ANSI C header files
configure:3636: gcc -c -g -O2 -Wall  conftest.c >&5
configure:3636: $? = 0
configure:3709: gcc -o conftest -g -O2 -Wall   conftest.c  >&5
configure:3709: $? = 0
configure:3709: ./conftest
configure:3709: $? = 0
configure:3720: result: yes
configure:3733: checking for sys/types.h
configure:3733: gcc -c -g -O2 -Wall  conftest.c >&5
configure:3733: $? = 0
configure:3733: result: yes
configure:3733: checking for sys/stat.h
configure:3733: gcc -c -g -O2 -Wall  conftest.c >&5
configure:3733: $? = 0
configure:3733: result: yes
configure:3733: checking for stdlib.h
configure:3733: gcc -c -g -O2 -Wall  conftest.c >&5
configure:3733: $? = 0
configure:3733: result: yes
configure:3733: checking for string.h
configure:3733: gcc -c -g -O2 -Wall  conftest.c >&5
configure:3733: $? = 0
configure:3733: result: yes
configure:3733: checking for memory.h
configure:3733: gcc -c -g -O2 -Wall  conftest.c >&5
configure:3733: $? = 0
configure:3733: result: yes
configure:3733: checking for strings.h
configure:3733: gcc -c -g -O2 -Wall  conftest.c >&5
configure:3733: $? = 0
configure:3733: result: yes
configure:3733: checking for inttypes.h
configure:3733: gcc -c -g -O2 -Wall  conftest.c >&5
configure:3733: $? = 0
configure:3733: result: yes
configure:3733: checking for stdint.h
configure:3733: gcc -c -g -O2 -Wall  conftest.c >&5
configure:3733: $? = 0
configure:3733: result: yes
configure:3733: checking for unistd.h
configure:3733: gcc -c -g -O2 -Wall  conftest.c >&5
configure:3733: $? = 0
configure:3733: result: yes
configure:3745: checking whether byte ordering is bigendian
configure:3760: gcc -c -g -O2 -Wall  conftest.c >&5
conftest.c:20:9: error: unknown type name 'not'
   20 |         not a universal capable compiler
      |         ^~~
conftest.c:20:15: error: expected '=', ',', ';', 'asm' or '__attribute__' before 'universal'
   20 |         not a universal capable compiler
      |               ^~~~~~~~~
conftest.c:20:15: error: unknown type name 'universal'
configure:3760: $? = 1
configure: failed program was:
| /* confdefs.h */
| #define PACKAGE_NAME "rdesktop"
| #define PACKAGE_TARNAME "rdesktop"
| #define PACKAGE_VERSION "1.8.6"
| #define PACKAGE_STRING "rdesktop 1.8.6"
| #define PACKAGE_BUGREPORT ""
| #define PACKAGE_URL ""
| #define STDC_HEADERS 1
| #define HAVE_SYS_TYPES_H 1
| #define HAVE_SYS_STAT_H 1
| #define HAVE_STDLIB_H 1
| #define HAVE_STRING_H 1
| #define HAVE_MEMORY_H 1
| #define HAVE_STRINGS_H 1
| #define HAVE_INTTYPES_H 1
| #define HAVE_STDINT_H 1
| #define HAVE_UNISTD_H 1
| /* end confdefs.h.  */
| #ifndef __APPLE_CC__
| 	       not a universal capable compiler
| 	     #endif
| 	     typedef int dummy;
| 
configure:3805: gcc -c -g -O2 -Wall  conftest.c >&5
configure:3805: $? = 0
configure:3823: gcc -c -g -O2 -Wall  conftest.c >&5
conftest.c: In function 'main':
conftest.c:26:4: error: unknown type name 'not'; did you mean 'ino_t'?
   26 |    not big endian
      |    ^~~
      |    ino_t
conftest.c:26:12: error: expected '=', ',', ';', 'asm' or '__attribute__' before 'endian'
   26 |    not big endian
      |            ^~~~~~
configure:3823: $? = 1
configure: failed program was:
| /* confdefs.h */
| #define PACKAGE_NAME "rdesktop"
| #define PACKAGE_TARNAME "rdesktop"
| #define PACKAGE_VERSION "1.8.6"
| #define PACKAGE_STRING "rdesktop 1.8.6"
| #define PACKAGE_BUGREPORT ""
| #define PACKAGE_URL ""
| #define STDC_HEADERS 1
| #define HAVE_SYS_TYPES_H 1
| #define HAVE_SYS_STAT_H 1
| #define HAVE_STDLIB_H 1
| #define HAVE_STRING_H 1
| #define HAVE_MEMORY_H 1
| #define HAVE_STRINGS_H 1
| #define HAVE_INTTYPES_H 1
| #define HAVE_STDINT_H 1
| #define HAVE_UNISTD_H 1
| /* end confdefs.h.  */
| #include <sys/types.h>
| 		#include <sys/param.h>
| 
| int
| main ()
| {
| #if BYTE_ORDER != BIG_ENDIAN
| 		 not big endian
| 		#endif
| 
|   ;
|   return 0;
| }
configure:3951: result: no
configure:3970: checking for X
configure:4078: gcc -E  conftest.c
conftest.c:20:10: fatal error: X11/Xlib.h: No such file or directory
   20 | #include <X11/Xlib.h>
      |          ^~~~~~~~~~~~
compilation terminated.
configure:4078: $? = 1
configure: failed program was:
| /* confdefs.h */
| #define PACKAGE_NAME "rdesktop"
| #define PACKAGE_TARNAME "rdesktop"
| #define PACKAGE_VERSION "1.8.6"
| #define PACKAGE_STRING "rdesktop 1.8.6"
| #define PACKAGE_BUGREPORT ""
| #define PACKAGE_URL ""
| #define STDC_HEADERS 1
| #define HAVE_SYS_TYPES_H 1
| #define HAVE_SYS_STAT_H 1
| #define HAVE_STDLIB_H 1
| #define HAVE_STRING_H 1
| #define HAVE_MEMORY_H 1
| #define HAVE_STRINGS_H 1
| #define HAVE_INTTYPES_H 1
| #define HAVE_STDINT_H 1
| #define HAVE_UNISTD_H 1
| #define L_ENDIAN 1
| /* end confdefs.h.  */
| #include <X11/Xlib.h>
configure:4109: gcc -o conftest -g -O2 -Wall   conftest.c -lX11  >&5
conftest.c:20:10: fatal error: X11/Xlib.h: No such file or directory
   20 | #include <X11/Xlib.h>
      |          ^~~~~~~~~~~~
compilation terminated.
configure:4109: $? = 1
configure: failed program was:
| /* confdefs.h */
| #define PACKAGE_NAME "rdesktop"
| #define PACKAGE_TARNAME "rdesktop"
| #define PACKAGE_VERSION "1.8.6"
| #define PACKAGE_STRING "rdesktop 1.8.6"
| #define PACKAGE_BUGREPORT ""
| #define PACKAGE_URL ""
| #define STDC_HEADERS 1
| #define HAVE_SYS_TYPES_H 1
| #define HAVE_SYS_STAT_H 1
| #define HAVE_STDLIB_H 1
| #define HAVE_STRING_H 1
| #define HAVE_MEMORY_H 1
| #define HAVE_STRINGS_H 1
| #define HAVE_INTTYPES_H 1
| #define HAVE_STDINT_H 1
| #define HAVE_UNISTD_H 1
| #define L_ENDIAN 1
| /* end confdefs.h.  */
| #include <X11/Xlib.h>
| int
| main ()
| {
| XrmInitialize ()
|   ;
|   return 0;
| }
configure:4148: result: no

## ---------------- ##
## Cache variables. ##
## ---------------- ##

ac_cv_build=x86_64-redhat-linux-gnu
ac_cv_c_bigendian=no
ac_cv_c_compiler_gnu=yes
ac_cv_env_ALSA_CFLAGS_set=
ac_cv_env_ALSA_CFLAGS_value=
ac_cv_env_ALSA_LIBS_set=
ac_cv_env_ALSA_LIBS_value=
ac_cv_env_CC_set=
ac_cv_env_CC_value=
ac_cv_env_CFLAGS_set=
ac_cv_env_CFLAGS_value=
ac_cv_env_CPPFLAGS_set=
ac_cv_env_CPPFLAGS_value=
ac_cv_env_CPP_set=
ac_cv_env_CPP_value=
ac_cv_env_GSSGLUE_CFLAGS_set=
ac_cv_env_GSSGLUE_CFLAGS_value=
ac_cv_env_GSSGLUE_LIBS_set=
ac_cv_env_GSSGLUE_LIBS_value=
ac_cv_env_LDFLAGS_set=
ac_cv_env_LDFLAGS_value=
ac_cv_env_LIBAO_CFLAGS_set=
ac_cv_env_LIBAO_CFLAGS_value=
ac_cv_env_LIBAO_LIBS_set=
ac_cv_env_LIBAO_LIBS_value=
ac_cv_env_LIBSAMPLERATE_CFLAGS_set=
ac_cv_env_LIBSAMPLERATE_CFLAGS_value=
ac_cv_env_LIBSAMPLERATE_LIBS_set=
ac_cv_env_LIBSAMPLERATE_LIBS_value=
ac_cv_env_LIBS_set=
ac_cv_env_LIBS_value=
ac_cv_env_PCSCLITE_CFLAGS_set=
ac_cv_env_PCSCLITE_CFLAGS_value=
ac_cv_env_PCSCLITE_LIBS_set=
ac_cv_env_PCSCLITE_LIBS_value=
ac_cv_env_PKG_CONFIG_LIBDIR_set=
ac_cv_env_PKG_CONFIG_LIBDIR_value=
ac_cv_env_PKG_CONFIG_PATH_set=
ac_cv_env_PKG_CONFIG_PATH_value=
ac_cv_env_PKG_CONFIG_set=
ac_cv_env_PKG_CONFIG_value=
ac_cv_env_XMKMF_set=
ac_cv_env_XMKMF_value=
ac_cv_env_XRANDR_CFLAGS_set=
ac_cv_env_XRANDR_CFLAGS_value=
ac_cv_env_XRANDR_LIBS_set=
ac_cv_env_XRANDR_LIBS_value=
ac_cv_env_build_alias_set=
ac_cv_env_build_alias_value=
ac_cv_env_host_alias_set=
ac_cv_env_host_alias_value=
ac_cv_env_target_alias_set=
ac_cv_env_target_alias_value=
ac_cv_have_x=have_x=no
ac_cv_header_inttypes_h=yes
ac_cv_header_memory_h=yes
ac_cv_header_stdc=yes
ac_cv_header_stdint_h=yes
ac_cv_header_stdlib_h=yes
ac_cv_header_string_h=yes
ac_cv_header_strings_h=yes
ac_cv_header_sys_stat_h=yes
ac_cv_header_sys_types_h=yes
ac_cv_header_unistd_h=yes
ac_cv_host=x86_64-redhat-linux-gnu
ac_cv_objext=o
ac_cv_path_EGREP='/usr/bin/grep -E'
ac_cv_path_GREP=/usr/bin/grep
ac_cv_path_install='/usr/bin/install -c'
ac_cv_prog_CPP='gcc -E'
ac_cv_prog_ac_ct_CC=gcc
ac_cv_prog_cc_c89=
ac_cv_prog_cc_g=yes

## ----------------- ##
## Output variables. ##
## ----------------- ##

ALSA_CFLAGS=''
ALSA_LIBS=''
CC='gcc'
CFLAGS='-g -O2 -Wall'
CPP='gcc -E'
CPPFLAGS=''
CREDSSPOBJ=''
DEFS=''
ECHO_C=''
ECHO_N='-n'
ECHO_T=''
EGREP='/usr/bin/grep -E'
EXEEXT=''
GREP='/usr/bin/grep'
GSSGLUE_CFLAGS=''
GSSGLUE_LIBS=''
INSTALL_DATA='${INSTALL} -m 644'
INSTALL_PROGRAM='${INSTALL}'
INSTALL_SCRIPT='${INSTALL}'
LDFLAGS=''
LDVNC=''
LIBAO_CFLAGS=''
LIBAO_LIBS=''
LIBICONV=''
LIBOBJS=''
LIBS=''
LIBSAMPLERATE_CFLAGS=''
LIBSAMPLERATE_LIBS=''
LTLIBOBJS=''
OBJEXT='o'
PACKAGE_BUGREPORT=''
PACKAGE_NAME='rdesktop'
PACKAGE_STRING='rdesktop 1.8.6'
PACKAGE_TARNAME='rdesktop'
PACKAGE_URL=''
PACKAGE_VERSION='1.8.6'
PATH_SEPARATOR=':'
PCSCLITE_CFLAGS=''
PCSCLITE_LIBS=''
PKG_CONFIG=''
PKG_CONFIG_LIBDIR=''
PKG_CONFIG_PATH=''
RDP2VNCTARGET=''
SCARDOBJ=''
SHELL='/bin/sh'
SOUNDOBJ=''
STRIP=''
VNCINC=''
VNCLINK=''
XMKMF=''
XRANDR_CFLAGS=''
XRANDR_LIBS=''
X_CFLAGS=''
X_EXTRA_LIBS=''
X_LIBS=''
X_PRE_LIBS=''
ac_ct_CC='gcc'
bindir='${exec_prefix}/bin'
build='x86_64-redhat-linux-gnu'
build_alias=''
build_cpu='x86_64'
build_os='linux-gnu'
build_vendor='redhat'
datadir='${datarootdir}'
datarootdir='${prefix}/share'
docdir='${datarootdir}/doc/${PACKAGE_TARNAME}'
dvidir='${docdir}'
exec_prefix='NONE'
host='x86_64-redhat-linux-gnu'
host_alias=''
host_cpu='x86_64'
host_os='linux-gnu'
host_vendor='redhat'
htmldir='${docdir}'
includedir='${prefix}/include'
infodir='${datarootdir}/info'
libdir='${exec_prefix}/lib'
libexecdir='${exec_prefix}/libexec'
localedir='${datarootdir}/locale'
localstatedir='${prefix}/var'
mandir='${datarootdir}/man'
oldincludedir='/usr/include'
pdfdir='${docdir}'
prefix='NONE'
program_transform_name='s,x,x,'
psdir='${docdir}'
sbindir='${exec_prefix}/sbin'
sharedstatedir='${prefix}/com'
ssldir=''
sysconfdir='${prefix}/etc'
target_alias=''

## ----------- ##
## confdefs.h. ##
## ----------- ##

/* confdefs.h */
#define PACKAGE_NAME "rdesktop"
#define PACKAGE_TARNAME "rdesktop"
#define PACKAGE_VERSION "1.8.6"
#define PACKAGE_STRING "rdesktop 1.8.6"
#define PACKAGE_BUGREPORT ""
#define PACKAGE_URL ""
#define STDC_HEADERS 1
#define HAVE_SYS_TYPES_H 1
#define HAVE_SYS_STAT_H 1
#define HAVE_STDLIB_H 1
#define HAVE_STRING_H 1
#define HAVE_MEMORY_H 1
#define HAVE_STRINGS_H 1
#define HAVE_INTTYPES_H 1
#define HAVE_STDINT_H 1
#define HAVE_UNISTD_H 1
#define L_ENDIAN 1
#define X_DISPLAY_MISSING 1

configure: exit 1
